2022-11-11 14:01:20,053 INFO o.a.j.u.JMeterUtils: Setting Locale to zh_CN
2022-11-11 14:01:20,084 INFO o.a.j.JMeter: Loading user properties from: /usr/local/Cellar/jmeter/5.4.3/libexec/bin/user.properties
2022-11-11 14:01:20,085 INFO o.a.j.JMeter: Loading system properties from: /usr/local/Cellar/jmeter/5.4.3/libexec/bin/system.properties
2022-11-11 14:01:20,093 INFO o.a.j.JMeter: Copyright (c) 1998-2021 The Apache Software Foundation
2022-11-11 14:01:20,093 INFO o.a.j.JMeter: Version 5.4.3
2022-11-11 14:01:20,093 INFO o.a.j.JMeter: java.version=17.0.2
2022-11-11 14:01:20,093 INFO o.a.j.JMeter: java.vm.name=OpenJDK 64-Bit Server VM
2022-11-11 14:01:20,093 INFO o.a.j.JMeter: os.name=Mac OS X
2022-11-11 14:01:20,093 INFO o.a.j.JMeter: os.arch=x86_64
2022-11-11 14:01:20,093 INFO o.a.j.JMeter: os.version=12.6
2022-11-11 14:01:20,093 INFO o.a.j.JMeter: file.encoding=UTF-8
2022-11-11 14:01:20,093 INFO o.a.j.JMeter: java.awt.headless=null
2022-11-11 14:01:20,093 INFO o.a.j.JMeter: Max memory     =1073741824
2022-11-11 14:01:20,093 INFO o.a.j.JMeter: Available Processors =8
2022-11-11 14:01:20,102 INFO o.a.j.JMeter: Default Locale=English (EN)
2022-11-11 14:01:20,102 INFO o.a.j.JMeter: JMeter  Locale=Chinese (China)
2022-11-11 14:01:20,102 INFO o.a.j.JMeter: JMeterHome=/usr/local/Cellar/jmeter/5.4.3/libexec
2022-11-11 14:01:20,102 INFO o.a.j.JMeter: user.dir  =/Users/gilbert/go/src/testing
2022-11-11 14:01:20,102 INFO o.a.j.JMeter: PWD       =/Users/gilbert/go/src/testing
2022-11-11 14:01:20,104 INFO o.a.j.JMeter: IP: 172.30.36.57 Name: gilbertdeMacBook-Pro-2.local FullName: 172.30.36.57
2022-11-11 14:01:20,455 INFO o.a.j.JMeter: Setting LAF to: laf:javax.swing.plaf.nimbus.NimbusLookAndFeel
2022-11-11 14:01:21,347 INFO o.a.j.JMeter: Loaded icon properties from org/apache/jmeter/images/icon.properties
2022-11-11 14:01:22,385 INFO o.j.r.JARSourceHTTP: Using proxy 127.0.0.1:7890
2022-11-11 14:01:22,390 INFO o.j.r.JARSourceHTTP: Using proxy 127.0.0.1:7890
2022-11-11 14:01:22,427 INFO o.j.r.JARSourceHTTP: Requesting https://jmeter-plugins.org/repo/?installID=mac_os_x-dacd30bc8f71b1c3810aebe9f8a57af5-gui
2022-11-11 14:01:24,609 INFO o.j.r.JARSourceHTTP: Using proxy 127.0.0.1:7890
2022-11-11 14:01:24,609 INFO o.j.r.PluginManager: Plugins Status: [jpgc-plugins-manager=1.7, jmeter-core=5.4.3, jmeter-ftp=5.4.3, jmeter-http=5.4.3, jmeter-jdbc=5.4.3, jmeter-jms=5.4.3, jmeter-junit=5.4.3, jmeter-java=5.4.3, jmeter-ldap=5.4.3, jmeter-mail=5.4.3, jmeter-mongodb=5.4.3, jmeter-native=5.4.3, jmeter-tcp=5.4.3, jmeter-components=5.4.3]
2022-11-11 14:01:24,614 INFO o.j.r.PluginManagerMenuItem: Plugins Manager has upgrades: [jpgc-plugins-manager]
2022-11-11 14:01:39,161 INFO o.a.j.p.h.s.HTTPSamplerBase: Parser for text/html is org.apache.jmeter.protocol.http.parser.LagartoBasedHtmlParser
2022-11-11 14:01:39,161 INFO o.a.j.p.h.s.HTTPSamplerBase: Parser for application/xhtml+xml is org.apache.jmeter.protocol.http.parser.LagartoBasedHtmlParser
2022-11-11 14:01:39,161 INFO o.a.j.p.h.s.HTTPSamplerBase: Parser for application/xml is org.apache.jmeter.protocol.http.parser.LagartoBasedHtmlParser
2022-11-11 14:01:39,162 INFO o.a.j.p.h.s.HTTPSamplerBase: Parser for text/xml is org.apache.jmeter.protocol.http.parser.LagartoBasedHtmlParser
2022-11-11 14:01:39,162 INFO o.a.j.p.h.s.HTTPSamplerBase: Parser for text/vnd.wap.wml is org.apache.jmeter.protocol.http.parser.RegexpHTMLParser
2022-11-11 14:01:39,162 INFO o.a.j.p.h.s.HTTPSamplerBase: Parser for text/css is org.apache.jmeter.protocol.http.parser.CssParser
2022-11-11 14:03:10,900 INFO o.a.j.s.FileServer: Default base='/Users/gilbert/go/src/testing'
2022-11-11 14:03:10,901 INFO o.a.j.s.FileServer: Set new base='/Users/gilbert/go/src/testing/jmeter'
2022-11-11 14:03:11,101 INFO o.a.j.s.SaveService: Testplan (JMX) version: 2.2. Testlog (JTL) version: 2.2
2022-11-11 14:03:11,107 INFO o.a.j.s.SaveService: Using SaveService properties version 5.0
2022-11-11 14:03:11,109 INFO o.a.j.s.SaveService: Using SaveService properties file encoding UTF-8
